<?xml version="1.0" encoding="UTF-8"?>
<!-- Generated by org.testng.reporters.JUnitReportReporter -->
<testsuite skipped="0" hostname="dell" name="Practice.MakeMyTripFutureTest" tests="1" failures="0" timestamp="2021-11-09T13:27:32 IST" time="17.357" errors="0">
  <testcase name="bookTicket" time="17.357" classname="Practice.MakeMyTripFutureTest"/>
  <system-out/>
</testsuite> <!-- Practice.MakeMyTripFutureTest -->
