<?xml version="1.0" encoding="UTF-8"?>
<!-- Generated by org.testng.reporters.JUnitReportReporter -->
<testsuite skipped="0" hostname="dell" name="com.crm.comcast.ContactTest.CreateContactTest" tests="1" failures="0" timestamp="2021-10-30T10:33:06 IST" time="30.016" errors="0">
  <testcase name="createContact" time="30.016" classname="com.crm.comcast.ContactTest.CreateContactTest"/>
  <system-out/>
</testsuite> <!-- com.crm.comcast.ContactTest.CreateContactTest -->
