<?xml version="1.0" encoding="UTF-8"?>
<!-- Generated by org.testng.reporters.JUnitReportReporter -->
<testsuite skipped="0" hostname="dell" name="com.crm.comcast.ContactTest.CreateContactPom" tests="1" failures="0" timestamp="2021-11-03T13:42:07 IST" time="13.917" errors="0">
  <testcase name="createContact" time="13.917" classname="com.crm.comcast.ContactTest.CreateContactPom"/>
  <system-out/>
</testsuite> <!-- com.crm.comcast.ContactTest.CreateContactPom -->
