<?xml version="1.0" encoding="UTF-8"?>
<!-- Generated by org.testng.reporters.JUnitReportReporter -->
<testsuite skipped="0" hostname="dell" name="db.samplexml2" tests="1" failures="0" timestamp="2021-10-28T15:05:06 IST" time="19.637" errors="0">
  <testcase name="xmlex" time="19.637" classname="db.samplexml2"/>
  <system-out/>
</testsuite> <!-- db.samplexml2 -->
