<?xml version="1.0" encoding="UTF-8"?>
<!-- Generated by org.testng.reporters.JUnitReportReporter -->
<testsuite skipped="0" hostname="dell" name="com.crm.comcast.ContactTest.CreateOrgwithContactPomTest" tests="1" failures="0" timestamp="2021-11-03T16:17:55 IST" time="24.245" errors="0">
  <testcase name="createcontact" time="24.245" classname="com.crm.comcast.ContactTest.CreateOrgwithContactPomTest"/>
  <system-out/>
</testsuite> <!-- com.crm.comcast.ContactTest.CreateOrgwithContactPomTest -->
