<?xml version="1.0" encoding="UTF-8"?>
<!-- Generated by org.testng.reporters.JUnitReportReporter -->
<testsuite skipped="0" hostname="dell" name="com.vtiger.testng.CreateDataProvider" tests="5" failures="0" timestamp="2021-11-03T10:55:13 IST" time="0.013" errors="0">
  <testcase name="bookTicket" time="0.007" classname="com.vtiger.testng.CreateDataProvider"/>
  <system-out/>
  <testcase name="bookTicket" time="0.002" classname="com.vtiger.testng.CreateDataProvider"/>
  <system-out/>
  <testcase name="bookTicket" time="0.002" classname="com.vtiger.testng.CreateDataProvider"/>
  <system-out/>
  <testcase name="bookTicket" time="0.001" classname="com.vtiger.testng.CreateDataProvider"/>
  <system-out/>
  <testcase name="bookTicket" time="0.001" classname="com.vtiger.testng.CreateDataProvider"/>
  <system-out/>
</testsuite> <!-- com.vtiger.testng.CreateDataProvider -->
