<?xml version="1.0" encoding="UTF-8"?>
<!-- Generated by org.testng.reporters.JUnitReportReporter -->
<testsuite skipped="0" hostname="dell" name="com.crm.comcast.ContactTest.CreateOrgwithIndstryType" tests="1" failures="0" timestamp="2021-11-02T16:57:28 IST" time="21.641" errors="0">
  <testcase name="createOrgIndType" time="21.641" classname="com.crm.comcast.ContactTest.CreateOrgwithIndstryType"/>
  <system-out/>
</testsuite> <!-- com.crm.comcast.ContactTest.CreateOrgwithIndstryType -->
