<?xml version="1.0" encoding="UTF-8"?>
<!-- Generated by org.testng.reporters.JUnitReportReporter -->
<testsuite skipped="0" hostname="dell" name="com.vtiger.testng.CreateorgwithbaseTest" tests="2" failures="0" timestamp="2021-11-10T17:49:35 IST" time="28.967" errors="0">
  <testcase name="createOrgIndType" time="16.701" classname="com.vtiger.testng.CreateorgwithbaseTest"/>
  <system-out/>
  <testcase name="createOrg" time="12.266" classname="com.vtiger.testng.CreateorgwithbaseTest"/>
  <system-out/>
</testsuite> <!-- com.vtiger.testng.CreateorgwithbaseTest -->
