<?xml version="1.0" encoding="UTF-8"?>
<!-- Generated by org.testng.reporters.JUnitReportReporter -->
<testsuite skipped="0" hostname="dell" name="com.crm.comcast.ContactTest.CreateOrganizationPomTest" tests="1" failures="0" timestamp="2021-11-02T15:43:56 IST" time="21.974" errors="0">
  <testcase name="createOrg" time="21.974" classname="com.crm.comcast.ContactTest.CreateOrganizationPomTest"/>
  <system-out/>
</testsuite> <!-- com.crm.comcast.ContactTest.CreateOrganizationPomTest -->
