<?xml version="1.0" encoding="UTF-8"?>
<!-- Generated by org.testng.reporters.JUnitReportReporter -->
<testsuite skipped="0" hostname="dell" name="com.vtiger.testng.CreateContactwithBaseTest" tests="2" failures="0" timestamp="2021-11-10T17:49:35 IST" time="34.086" errors="0">
  <testcase name="createContact" time="9.199" classname="com.vtiger.testng.CreateContactwithBaseTest"/>
  <system-out/>
  <testcase name="createorgandContact" time="24.887" classname="com.vtiger.testng.CreateContactwithBaseTest"/>
  <system-out/>
</testsuite> <!-- com.vtiger.testng.CreateContactwithBaseTest -->
