<?xml version="1.0" encoding="UTF-8"?>
<!-- Generated by org.testng.reporters.JUnitReportReporter -->
<testsuite skipped="0" hostname="dell" name="Practice.ClearTripTest" tests="1" failures="0" timestamp="2021-11-09T15:01:45 IST" time="17.668" errors="0">
  <testcase name="clearTrip" time="17.668" classname="Practice.ClearTripTest"/>
  <system-out/>
</testsuite> <!-- Practice.ClearTripTest -->
