<?xml version="1.0" encoding="UTF-8"?>
<!-- Generated by org.testng.reporters.JUnitReportReporter -->
<testsuite skipped="0" hostname="dell" name="db.samplexml" tests="1" failures="0" timestamp="2021-10-28T15:05:06 IST" time="27.850" errors="0">
  <testcase name="xmlex" time="27.850" classname="db.samplexml"/>
  <system-out/>
</testsuite> <!-- db.samplexml -->
