<?xml version="1.0" encoding="UTF-8"?>
<!-- Generated by org.testng.reporters.JUnitReportReporter -->
<testsuite skipped="0" hostname="dell" name="com.vtiger.testng.CreateContactwithBase" tests="2" failures="0" timestamp="2021-11-03T16:46:30 IST" time="38.040" errors="0">
  <testcase name="createorgandContact" time="23.314" classname="com.vtiger.testng.CreateContactwithBase"/>
  <system-out/>
  <testcase name="createContact" time="14.726" classname="com.vtiger.testng.CreateContactwithBase"/>
  <system-out/>
</testsuite> <!-- com.vtiger.testng.CreateContactwithBase -->
