<?xml version="1.0" encoding="UTF-8"?>
<!-- Generated by org.testng.reporters.JUnitReportReporter -->
<testsuite skipped="0" hostname="dell" name="Practice.VitigerTest" tests="1" failures="0" timestamp="2021-11-09T16:14:34 IST" time="19.401" errors="0">
  <testcase name="vtigerExample" time="19.401" classname="Practice.VitigerTest"/>
  <system-out/>
</testsuite> <!-- Practice.VitigerTest -->
